# JRE version: OpenJDK Runtime Environment (15.0.1+9) (build 15.0.1+9-18)
# Java VM: OpenJDK 64-Bit Server VM (15.0.1+9-18, mixed mode, tiered, compressed oops, g1 gc, windows-amd64)
GC Precious Log:
 CPUs: 4 total, 4 available
 Memory: 4019M
 Large Page Support: Disabled
 NUMA Support: Disabled
 Compressed Oops: Enabled (32-bit)
 Heap Region Size: 1M
 Heap Min Capacity: 8M
 Heap Initial Capacity: 64M
 Heap Max Capacity: 1006M
 Pre-touch: Disabled
 Parallel Workers: 4
 Concurrent Workers: 1
 Concurrent Refinement Workers: 4
 Periodic GC: Disabled
Heap:
 garbage-first heap   total 71680K, used 40127K [0x00000000c1200000, 0x0000000100000000)
  region size 1024K, 9 young (9216K), 3 survivors (3072K)
 Metaspace       used 64775K, capacity 65421K, committed 65536K, reserved 1112064K
  class space    used 8450K, capacity 8672K, committed 8704K, reserved 1048576K
GC Heap History (20 events):
Event: 19.234 GC heap before
{Heap before GC invocations=28 (full 0):
 garbage-first heap   total 50176K, used 36752K [0x00000000c1200000, 0x0000000100000000)
  region size 1024K, 14 young (14336K), 2 survivors (2048K)
 Metaspace       used 50917K, capacity 51511K, committed 51584K, reserved 1093632K
  class space    used 6492K, capacity 6727K, committed 6784K, reserved 1048576K
}
Event: 19.236 GC heap after
{Heap after GC invocations=29 (full 0):
 garbage-first heap   total 50176K, used 26291K [0x00000000c1200000, 0x0000000100000000)
  region size 1024K, 2 young (2048K), 2 survivors (2048K)
 Metaspace       used 50917K, capacity 51511K, committed 51584K, reserved 1093632K
  class space    used 6492K, capacity 6727K, committed 6784K, reserved 1048576K
}
Event: 19.593 GC heap before
{Heap before GC invocations=29 (full 0):
 garbage-first heap   total 50176K, used 39603K [0x00000000c1200000, 0x0000000100000000)
  region size 1024K, 15 young (15360K), 2 survivors (2048K)
 Metaspace       used 52753K, capacity 53344K, committed 53632K, reserved 1095680K
  class space    used 6745K, capacity 6953K, committed 7040K, reserved 1048576K
}
Event: 19.597 GC heap after
{Heap after GC invocations=30 (full 0):
 garbage-first heap   total 50176K, used 27299K [0x00000000c1200000, 0x0000000100000000)
  region size 1024K, 2 young (2048K), 2 survivors (2048K)
 Metaspace       used 52753K, capacity 53344K, committed 53632K, reserved 1095680K
  class space    used 6745K, capacity 6953K, committed 7040K, reserved 1048576K
}
Event: 20.101 GC heap before
{Heap before GC invocations=31 (full 0):
 garbage-first heap   total 51200K, used 38563K [0x00000000c1200000, 0x0000000100000000)
  region size 1024K, 14 young (14336K), 2 survivors (2048K)
 Metaspace       used 55113K, capacity 55673K, committed 55936K, reserved 1097728K
  class space    used 7045K, capacity 7251K, committed 7296K, reserved 1048576K
}
Event: 20.105 GC heap after
{Heap after GC invocations=32 (full 0):
 garbage-first heap   total 51200K, used 28421K [0x00000000c1200000, 0x0000000100000000)
  region size 1024K, 2 young (2048K), 2 survivors (2048K)
 Metaspace       used 55113K, capacity 55673K, committed 55936K, reserved 1097728K
  class space    used 7045K, capacity 7251K, committed 7296K, reserved 1048576K
}
Event: 21.058 GC heap before
{Heap before GC invocations=32 (full 0):
 garbage-first heap   total 51200K, used 38661K [0x00000000c1200000, 0x0000000100000000)
  region size 1024K, 13 young (13312K), 2 survivors (2048K)
 Metaspace       used 57951K, capacity 58548K, committed 58752K, reserved 1099776K
  class space    used 7523K, capacity 7738K, committed 7808K, reserved 1048576K
}
Event: 21.062 GC heap after
{Heap after GC invocations=33 (full 0):
 garbage-first heap   total 51200K, used 29042K [0x00000000c1200000, 0x0000000100000000)
  region size 1024K, 1 young (1024K), 1 survivors (1024K)
 Metaspace       used 57951K, capacity 58548K, committed 58752K, reserved 1099776K
  class space    used 7523K, capacity 7738K, committed 7808K, reserved 1048576K
}
Event: 21.457 GC heap before
{Heap before GC invocations=34 (full 0):
 garbage-first heap   total 55296K, used 40306K [0x00000000c1200000, 0x0000000100000000)
  region size 1024K, 12 young (12288K), 1 survivors (1024K)
 Metaspace       used 58091K, capacity 58688K, committed 59008K, reserved 1099776K
  class space    used 7542K, capacity 7741K, committed 7808K, reserved 1048576K
}
Event: 21.459 GC heap after
{Heap after GC invocations=35 (full 0):
 garbage-first heap   total 55296K, used 29237K [0x00000000c1200000, 0x0000000100000000)
  region size 1024K, 1 young (1024K), 1 survivors (1024K)
 Metaspace       used 58091K, capacity 58688K, committed 59008K, reserved 1099776K
  class space    used 7542K, capacity 7741K, committed 7808K, reserved 1048576K
}
Event: 21.903 GC heap before
{Heap before GC invocations=35 (full 0):
 garbage-first heap   total 55296K, used 44597K [0x00000000c1200000, 0x0000000100000000)
  region size 1024K, 16 young (16384K), 1 survivors (1024K)
 Metaspace       used 58784K, capacity 59399K, committed 59648K, reserved 1101824K
  class space    used 7632K, capacity 7846K, committed 7936K, reserved 1048576K
}
Event: 21.906 GC heap after
{Heap after GC invocations=36 (full 0):
 garbage-first heap   total 55296K, used 29541K [0x00000000c1200000, 0x0000000100000000)
  region size 1024K, 2 young (2048K), 2 survivors (2048K)
 Metaspace       used 58784K, capacity 59399K, committed 59648K, reserved 1101824K
  class space    used 7632K, capacity 7846K, committed 7936K, reserved 1048576K
}
Event: 22.915 GC heap before
{Heap before GC invocations=37 (full 0):
 garbage-first heap   total 56320K, used 43877K [0x00000000c1200000, 0x0000000100000000)
  region size 1024K, 16 young (16384K), 2 survivors (2048K)
 Metaspace       used 60189K, capacity 60839K, committed 61184K, reserved 1107968K
  class space    used 7842K, capacity 8070K, committed 8192K, reserved 1048576K
}
Event: 22.921 GC heap after
{Heap after GC invocations=38 (full 0):
 garbage-first heap   total 56320K, used 30883K [0x00000000c1200000, 0x0000000100000000)
  region size 1024K, 2 young (2048K), 2 survivors (2048K)
 Metaspace       used 60189K, capacity 60839K, committed 61184K, reserved 1107968K
  class space    used 7842K, capacity 8070K, committed 8192K, reserved 1048576K
}
Event: 24.888 GC heap before
{Heap before GC invocations=38 (full 0):
 garbage-first heap   total 56320K, used 46243K [0x00000000c1200000, 0x0000000100000000)
  region size 1024K, 17 young (17408K), 2 survivors (2048K)
 Metaspace       used 60937K, capacity 61581K, committed 61696K, reserved 1107968K
  class space    used 7934K, capacity 8167K, committed 8192K, reserved 1048576K
}
Event: 24.894 GC heap after
{Heap after GC invocations=39 (full 0):
 garbage-first heap   total 56320K, used 31981K [0x00000000c1200000, 0x0000000100000000)
  region size 1024K, 3 young (3072K), 3 survivors (3072K)
 Metaspace       used 60937K, capacity 61581K, committed 61696K, reserved 1107968K
  class space    used 7934K, capacity 8167K, committed 8192K, reserved 1048576K
}
Event: 25.196 GC heap before
{Heap before GC invocations=40 (full 0):
 garbage-first heap   total 61440K, used 45293K [0x00000000c1200000, 0x0000000100000000)
  region size 1024K, 16 young (16384K), 3 survivors (3072K)
 Metaspace       used 62609K, capacity 63237K, committed 63488K, reserved 1110016K
  class space    used 8153K, capacity 8398K, committed 8448K, reserved 1048576K
}
Event: 25.203 GC heap after
{Heap after GC invocations=41 (full 0):
 garbage-first heap   total 61440K, used 33383K [0x00000000c1200000, 0x0000000100000000)
  region size 1024K, 2 young (2048K), 2 survivors (2048K)
 Metaspace       used 62609K, capacity 63237K, committed 63488K, reserved 1110016K
  class space    used 8153K, capacity 8398K, committed 8448K, reserved 1048576K
}
Event: 25.608 GC heap before
{Heap before GC invocations=41 (full 0):
 garbage-first heap   total 61440K, used 49767K [0x00000000c1200000, 0x0000000100000000)
  region size 1024K, 18 young (18432K), 2 survivors (2048K)
 Metaspace       used 64651K, capacity 65257K, committed 65536K, reserved 1112064K
  class space    used 8440K, capacity 8664K, committed 8704K, reserved 1048576K
}
Event: 25.615 GC heap after
{Heap after GC invocations=42 (full 0):
 garbage-first heap   total 61440K, used 35007K [0x00000000c1200000, 0x0000000100000000)
  region size 1024K, 3 young (3072K), 3 survivors (3072K)
 Metaspace       used 64651K, capacity 65257K, committed 65536K, reserved 1112064K
  class space    used 8440K, capacity 8664K, committed 8704K, reserved 1048576K
}

